<?xml version="1.0" encoding="UTF-8"?>
<testsuite xmlns:xsi="http://www.w3.org/2001/XMLSchema-instance" xsi:noNamespaceSchemaLocation="https://maven.apache.org/surefire/maven-surefire-plugin/xsd/surefire-test-report.xsd" name="edu.bigdata.training.testservice.service.TestBusinessLogicServiceTest" time="43.042" tests="5" errors="0" skipped="0" failures="0">
  <properties>
[...]
</properties>
  <testcase name="testGet" classname="edu.bigdata.training.testservice.service.TestBusinessLogicServiceTest" time="0.092"/>
  <testcase name="testCreate" classname="edu.bigdata.training.testservice.service.TestBusinessLogicServiceTest" time="0.086"/>
  <testcase name="testDelete" classname="edu.bigdata.training.testservice.service.TestBusinessLogicServiceTest" time="0.106"/>
  <testcase name="testGetAll" classname="edu.bigdata.training.testservice.service.TestBusinessLogicServiceTest" time="0.018"/>
  <testcase name="testUpdate" classname="edu.bigdata.training.testservice.service.TestBusinessLogicServiceTest" time="0.019"/>
</testsuite>